0 info it worked if it ends with ok
1 verbose cli [ '/usr/local/bin/node',
1 verbose cli   '/usr/local/bin/npm',
1 verbose cli   'run',
1 verbose cli   'compile:styles' ]
2 info using npm@3.6.0
3 info using node@v5.6.0
4 verbose run-script [ 'precompile:styles', 'compile:styles', 'postcompile:styles' ]
5 info lifecycle sexy-shopping-list@1.0.0~precompile:styles: sexy-shopping-list@1.0.0
6 silly lifecycle sexy-shopping-list@1.0.0~precompile:styles: no script for precompile:styles, continuing
7 info lifecycle sexy-shopping-list@1.0.0~compile:styles: sexy-shopping-list@1.0.0
8 verbose lifecycle sexy-shopping-list@1.0.0~compile:styles: unsafe-perm in lifecycle true
9 verbose lifecycle sexy-shopping-list@1.0.0~compile:styles: PATH: /usr/local/lib/node_modules/npm/bin/node-gyp-bin:/Users/Jborges/src/sexy-shopping-list/node_modules/.bin:/usr/local/lib/node_modules/npm/bin/node-gyp-bin:/Users/Jborges/src/sexy-shopping-list/node_modules/.bin:/usr/local/lib/node_modules/npm/bin/node-gyp-bin:/Users/Jborges/src/sexy-shopping-list/node_modules/.bin:/usr/local/lib/node_modules/npm/bin/node-gyp-bin:/Users/Jborges/src/sexy-shopping-list/node_modules/.bin:/usr/local/bin:/usr/bin:/bin:/usr/sbin:/sbin
10 verbose lifecycle sexy-shopping-list@1.0.0~compile:styles: CWD: /Users/Jborges/src/sexy-shopping-list
11 silly lifecycle sexy-shopping-list@1.0.0~compile:styles: Args: [ '-c', 'node-sass app/styles/main.scss build/styles/main.css' ]
12 silly lifecycle sexy-shopping-list@1.0.0~compile:styles: Returned: code: 1  signal: null
13 info lifecycle sexy-shopping-list@1.0.0~compile:styles: Failed to exec compile:styles script
14 verbose stack Error: sexy-shopping-list@1.0.0 compile:styles: `node-sass app/styles/main.scss build/styles/main.css`
14 verbose stack Exit status 1
14 verbose stack     at EventEmitter.<anonymous> (/usr/local/lib/node_modules/npm/lib/utils/lifecycle.js:232:16)
14 verbose stack     at emitTwo (events.js:100:13)
14 verbose stack     at EventEmitter.emit (events.js:185:7)
14 verbose stack     at ChildProcess.<anonymous> (/usr/local/lib/node_modules/npm/lib/utils/spawn.js:24:14)
14 verbose stack     at emitTwo (events.js:100:13)
14 verbose stack     at ChildProcess.emit (events.js:185:7)
14 verbose stack     at maybeClose (internal/child_process.js:827:16)
14 verbose stack     at Process.ChildProcess._handle.onexit (internal/child_process.js:211:5)
15 verbose pkgid sexy-shopping-list@1.0.0
16 verbose cwd /Users/Jborges/src/sexy-shopping-list
17 error Darwin 15.2.0
18 error argv "/usr/local/bin/node" "/usr/local/bin/npm" "run" "compile:styles"
19 error node v5.6.0
20 error npm  v3.6.0
21 error code ELIFECYCLE
22 error sexy-shopping-list@1.0.0 compile:styles: `node-sass app/styles/main.scss build/styles/main.css`
22 error Exit status 1
23 error Failed at the sexy-shopping-list@1.0.0 compile:styles script 'node-sass app/styles/main.scss build/styles/main.css'.
23 error Make sure you have the latest version of node.js and npm installed.
23 error If you do, this is most likely a problem with the sexy-shopping-list package,
23 error not with npm itself.
23 error Tell the author that this fails on your system:
23 error     node-sass app/styles/main.scss build/styles/main.css
23 error You can get information on how to open an issue for this project with:
23 error     npm bugs sexy-shopping-list
23 error Or if that isn't available, you can get their info via:
23 error     npm owner ls sexy-shopping-list
23 error There is likely additional logging output above.
24 verbose exit [ 1, true ]
